-- The C compiler identification is GNU 11.4.0
-- The CXX compiler identification is GNU 11.4.0
-- Detecting C compiler ABI info
-- Detecting C compiler ABI info - done
-- Check for working C compiler: /usr/bin/cc - skipped
-- Detecting C compile features
-- Detecting C compile features - done
-- Detecting CXX compiler ABI info
-- Detecting CXX compiler ABI info - done
-- Check for working CXX compiler: /usr/bin/c++ - skipped
-- Detecting CXX compile features
-- Detecting CXX compile features - done
-- Found ament_cmake: 1.3.10 (/opt/ros/humble/share/ament_cmake/cmake)
-- Found Python3: /usr/bin/python3 (found version "3.10.12") found components: Interpreter 
-- Found rclcpp: 16.0.10 (/opt/ros/humble/share/rclcpp/cmake)
-- Found rosidl_generator_c: 3.1.5 (/opt/ros/humble/share/rosidl_generator_c/cmake)
-- Found rosidl_adapter: 3.1.5 (/opt/ros/humble/share/rosidl_adapter/cmake)
-- Found rosidl_generator_cpp: 3.1.5 (/opt/ros/humble/share/rosidl_generator_cpp/cmake)
-- Using all available rosidl_typesupport_c: rosidl_typesupport_fastrtps_c;rosidl_typesupport_introspection_c
-- Using all available rosidl_typesupport_cpp: rosidl_typesupport_fastrtps_cpp;rosidl_typesupport_introspection_cpp
-- Found rmw_implementation_cmake: 6.1.2 (/opt/ros/humble/share/rmw_implementation_cmake/cmake)
-- Found rmw_fastrtps_cpp: 6.2.7 (/opt/ros/humble/share/rmw_fastrtps_cpp/cmake)
-- Found OpenSSL: /usr/lib/x86_64-linux-gnu/libcrypto.so (found version "3.0.2")  
-- Found FastRTPS: /opt/ros/humble/include  
-- Using RMW implementation 'rmw_fastrtps_cpp' as default
-- Looking for pthread.h
-- Looking for pthread.h - found
-- Performing Test CMAKE_HAVE_LIBC_PTHREAD
-- Performing Test CMAKE_HAVE_LIBC_PTHREAD - Success
-- Found Threads: TRUE  
-- Found Boost: /usr/lib/x86_64-linux-gnu/cmake/Boost-1.74.0/BoostConfig.cmake (found suitable version "1.74.0", minimum required is "1.71.0") found components: thread 
-- Found ament_lint_auto: 0.12.11 (/opt/ros/humble/share/ament_lint_auto/cmake)
-- Added test 'copyright' to check source files copyright and LICENSE
-- Added test 'cppcheck' to perform static code analysis on C / C++ code
-- Configured cppcheck include dirs: /home/kinesis/Github/qudp-test/udp_connection/include
-- Configured cppcheck exclude dirs and/or files: 
-- Added test 'cpplint' to check C / C++ code against the Google style
-- Configured cpplint exclude dirs and/or files: 
-- Added test 'lint_cmake' to check CMake code style
-- Added test 'uncrustify' to check C / C++ code style
-- Configured uncrustify additional arguments: 
-- Added test 'xmllint' to check XML markup files
-- Configuring done
-- Generating done
-- Build files have been written to: /home/kinesis/Github/qudp-test/build/udp_connection
[ 11%] [34m[1mGenerating include/udp_connection/moc_main_window.cpp[0m
[ 22%] [34m[1mGenerating ui_mainwindow.h[0m
[ 33%] [34m[1mGenerating include/udp_connection/moc_qnode.cpp[0m
[ 44%] [32mBuilding CXX object CMakeFiles/udp_connection.dir/src/main.cpp.o[0m
[ 55%] [32mBuilding CXX object CMakeFiles/udp_connection.dir/src/qnode.cpp.o[0m
[ 66%] [32mBuilding CXX object CMakeFiles/udp_connection.dir/include/udp_connection/moc_qnode.cpp.o[0m
[ 77%] [32mBuilding CXX object CMakeFiles/udp_connection.dir/src/main_window.cpp.o[0m
[ 88%] [32mBuilding CXX object CMakeFiles/udp_connection.dir/include/udp_connection/moc_main_window.cpp.o[0m
[100%] [32m[1mLinking CXX executable udp_connection[0m
[100%] Built target udp_connection
-- Install configuration: ""
-- Installing: /home/kinesis/Github/qudp-test/install/udp_connection/lib/udp_connection/udp_connection
-- Set runtime path of "/home/kinesis/Github/qudp-test/install/udp_connection/lib/udp_connection/udp_connection" to ""
-- Installing: /home/kinesis/Github/qudp-test/install/udp_connection/share/ament_index/resource_index/package_run_dependencies/udp_connection
-- Installing: /home/kinesis/Github/qudp-test/install/udp_connection/share/ament_index/resource_index/parent_prefix_path/udp_connection
-- Installing: /home/kinesis/Github/qudp-test/install/udp_connection/share/udp_connection/environment/ament_prefix_path.sh
-- Installing: /home/kinesis/Github/qudp-test/install/udp_connection/share/udp_connection/environment/ament_prefix_path.dsv
-- Installing: /home/kinesis/Github/qudp-test/install/udp_connection/share/udp_connection/environment/path.sh
-- Installing: /home/kinesis/Github/qudp-test/install/udp_connection/share/udp_connection/environment/path.dsv
-- Installing: /home/kinesis/Github/qudp-test/install/udp_connection/share/udp_connection/local_setup.bash
-- Installing: /home/kinesis/Github/qudp-test/install/udp_connection/share/udp_connection/local_setup.sh
-- Installing: /home/kinesis/Github/qudp-test/install/udp_connection/share/udp_connection/local_setup.zsh
-- Installing: /home/kinesis/Github/qudp-test/install/udp_connection/share/udp_connection/local_setup.dsv
-- Installing: /home/kinesis/Github/qudp-test/install/udp_connection/share/udp_connection/package.dsv
-- Installing: /home/kinesis/Github/qudp-test/install/udp_connection/share/ament_index/resource_index/packages/udp_connection
-- Installing: /home/kinesis/Github/qudp-test/install/udp_connection/share/udp_connection/cmake/udp_connectionConfig.cmake
-- Installing: /home/kinesis/Github/qudp-test/install/udp_connection/share/udp_connection/cmake/udp_connectionConfig-version.cmake
-- Installing: /home/kinesis/Github/qudp-test/install/udp_connection/share/udp_connection/package.xml
