[0.007s] Invoking command in '/home/kinesis/Github/qudp-test/build/udp_connection': CMAKE_PREFIX_PATH=/home/kinesis/Github/qudp-test/install/udp_connection:/home/kinesis/colcon_ws/install/vision_test:/home/kinesis/colcon_ws/install/usb_camera:/home/kinesis/colcon_ws/install/turtlebot3_status_manager:/home/kinesis/colcon_ws/install/turtlebot3_simulations:/home/kinesis/colcon_ws/install/turtlebot3_fake_node:/home/kinesis/colcon_ws/install/turtlebot3_msgs:/home/kinesis/colcon_ws/install/turtlebot3_gazebo:/home/kinesis/colcon_ws/install/serial_test:/opt/ros/humble:/home/kinesis/colcon_ws/install/yolo_segmentation:/home/kinesis/colcon_ws/install/yolo_detection:/home/kinesis/colcon_ws/install/video_to_ros2_topic:/home/kinesis/colcon_ws/install/image_to_ros2_topic:/home/kinesis/colcon_ws/install/serial:/home/kinesis/colcon_ws/install/ros2_day_4_parameter_practice:/home/kinesis/colcon_ws/install/pan_tilt_camera:/home/kinesis/colcon_ws/install/my_cpp_pkg_test:/home/kinesis/colcon_ws/install/my_cpp_pkg:/home/kinesis/colcon_ws/install/image_recognition_msgs:/home/kinesis/colcon_ws/install/dual_fisheye_camera /usr/bin/cmake /home/kinesis/Github/qudp-test/udp_connection -DCMAKE_INSTALL_PREFIX=/home/kinesis/Github/qudp-test/install/udp_connection
[0.087s] -- The C compiler identification is GNU 11.4.0
[0.160s] -- The CXX compiler identification is GNU 11.4.0
[0.170s] -- Detecting C compiler ABI info
[0.287s] -- Detecting C compiler ABI info - done
[0.298s] -- Check for working C compiler: /usr/bin/cc - skipped
[0.299s] -- Detecting C compile features
[0.299s] -- Detecting C compile features - done
[0.303s] -- Detecting CXX compiler ABI info
[0.424s] -- Detecting CXX compiler ABI info - done
[0.441s] -- Check for working CXX compiler: /usr/bin/c++ - skipped
[0.441s] -- Detecting CXX compile features
[0.442s] -- Detecting CXX compile features - done
[0.448s] -- Found ament_cmake: 1.3.10 (/opt/ros/humble/share/ament_cmake/cmake)
[0.712s] -- Found Python3: /usr/bin/python3 (found version "3.10.12") found components: Interpreter 
[0.829s] -- Found rclcpp: 16.0.10 (/opt/ros/humble/share/rclcpp/cmake)
[0.897s] -- Found rosidl_generator_c: 3.1.5 (/opt/ros/humble/share/rosidl_generator_c/cmake)
[0.904s] -- Found rosidl_adapter: 3.1.5 (/opt/ros/humble/share/rosidl_adapter/cmake)
[0.915s] -- Found rosidl_generator_cpp: 3.1.5 (/opt/ros/humble/share/rosidl_generator_cpp/cmake)
[0.928s] -- Using all available rosidl_typesupport_c: rosidl_typesupport_fastrtps_c;rosidl_typesupport_introspection_c
[0.941s] -- Using all available rosidl_typesupport_cpp: rosidl_typesupport_fastrtps_cpp;rosidl_typesupport_introspection_cpp
[0.964s] -- Found rmw_implementation_cmake: 6.1.2 (/opt/ros/humble/share/rmw_implementation_cmake/cmake)
[0.965s] -- Found rmw_fastrtps_cpp: 6.2.7 (/opt/ros/humble/share/rmw_fastrtps_cpp/cmake)
[1.061s] -- Found OpenSSL: /usr/lib/x86_64-linux-gnu/libcrypto.so (found version "3.0.2")  
[1.107s] -- Found FastRTPS: /opt/ros/humble/include  
[1.164s] -- Using RMW implementation 'rmw_fastrtps_cpp' as default
[1.176s] -- Looking for pthread.h
[1.293s] -- Looking for pthread.h - found
[1.294s] -- Performing Test CMAKE_HAVE_LIBC_PTHREAD
[1.402s] -- Performing Test CMAKE_HAVE_LIBC_PTHREAD - Success
[1.404s] -- Found Threads: TRUE  
[1.511s] -- Found Boost: /usr/lib/x86_64-linux-gnu/cmake/Boost-1.74.0/BoostConfig.cmake (found suitable version "1.74.0", minimum required is "1.71.0") found components: thread 
[1.533s] -- Found ament_lint_auto: 0.12.11 (/opt/ros/humble/share/ament_lint_auto/cmake)
[1.611s] -- Added test 'copyright' to check source files copyright and LICENSE
[1.613s] -- Added test 'cppcheck' to perform static code analysis on C / C++ code
[1.613s] -- Configured cppcheck include dirs: /home/kinesis/Github/qudp-test/udp_connection/include
[1.613s] -- Configured cppcheck exclude dirs and/or files: 
[1.615s] -- Added test 'cpplint' to check C / C++ code against the Google style
[1.615s] -- Configured cpplint exclude dirs and/or files: 
[1.616s] -- Added test 'lint_cmake' to check CMake code style
[1.617s] -- Added test 'uncrustify' to check C / C++ code style
[1.617s] -- Configured uncrustify additional arguments: 
[1.617s] -- Added test 'xmllint' to check XML markup files
[1.619s] -- Configuring done
[1.634s] -- Generating done
[1.636s] -- Build files have been written to: /home/kinesis/Github/qudp-test/build/udp_connection
[1.654s] Invoked command in '/home/kinesis/Github/qudp-test/build/udp_connection' returned '0': CMAKE_PREFIX_PATH=/home/kinesis/Github/qudp-test/install/udp_connection:/home/kinesis/colcon_ws/install/vision_test:/home/kinesis/colcon_ws/install/usb_camera:/home/kinesis/colcon_ws/install/turtlebot3_status_manager:/home/kinesis/colcon_ws/install/turtlebot3_simulations:/home/kinesis/colcon_ws/install/turtlebot3_fake_node:/home/kinesis/colcon_ws/install/turtlebot3_msgs:/home/kinesis/colcon_ws/install/turtlebot3_gazebo:/home/kinesis/colcon_ws/install/serial_test:/opt/ros/humble:/home/kinesis/colcon_ws/install/yolo_segmentation:/home/kinesis/colcon_ws/install/yolo_detection:/home/kinesis/colcon_ws/install/video_to_ros2_topic:/home/kinesis/colcon_ws/install/image_to_ros2_topic:/home/kinesis/colcon_ws/install/serial:/home/kinesis/colcon_ws/install/ros2_day_4_parameter_practice:/home/kinesis/colcon_ws/install/pan_tilt_camera:/home/kinesis/colcon_ws/install/my_cpp_pkg_test:/home/kinesis/colcon_ws/install/my_cpp_pkg:/home/kinesis/colcon_ws/install/image_recognition_msgs:/home/kinesis/colcon_ws/install/dual_fisheye_camera /usr/bin/cmake /home/kinesis/Github/qudp-test/udp_connection -DCMAKE_INSTALL_PREFIX=/home/kinesis/Github/qudp-test/install/udp_connection
[1.658s] Invoking command in '/home/kinesis/Github/qudp-test/build/udp_connection': CMAKE_PREFIX_PATH=/home/kinesis/Github/qudp-test/install/udp_connection:/home/kinesis/colcon_ws/install/vision_test:/home/kinesis/colcon_ws/install/usb_camera:/home/kinesis/colcon_ws/install/turtlebot3_status_manager:/home/kinesis/colcon_ws/install/turtlebot3_simulations:/home/kinesis/colcon_ws/install/turtlebot3_fake_node:/home/kinesis/colcon_ws/install/turtlebot3_msgs:/home/kinesis/colcon_ws/install/turtlebot3_gazebo:/home/kinesis/colcon_ws/install/serial_test:/opt/ros/humble:/home/kinesis/colcon_ws/install/yolo_segmentation:/home/kinesis/colcon_ws/install/yolo_detection:/home/kinesis/colcon_ws/install/video_to_ros2_topic:/home/kinesis/colcon_ws/install/image_to_ros2_topic:/home/kinesis/colcon_ws/install/serial:/home/kinesis/colcon_ws/install/ros2_day_4_parameter_practice:/home/kinesis/colcon_ws/install/pan_tilt_camera:/home/kinesis/colcon_ws/install/my_cpp_pkg_test:/home/kinesis/colcon_ws/install/my_cpp_pkg:/home/kinesis/colcon_ws/install/image_recognition_msgs:/home/kinesis/colcon_ws/install/dual_fisheye_camera /usr/bin/cmake --build /home/kinesis/Github/qudp-test/build/udp_connection -- -j32 -l32
[1.728s] [ 11%] [34m[1mGenerating include/udp_connection/moc_main_window.cpp[0m
[1.728s] [ 22%] [34m[1mGenerating ui_mainwindow.h[0m
[1.729s] [ 33%] [34m[1mGenerating include/udp_connection/moc_qnode.cpp[0m
[1.762s] [ 44%] [32mBuilding CXX object CMakeFiles/udp_connection.dir/src/main.cpp.o[0m
[1.763s] [ 55%] [32mBuilding CXX object CMakeFiles/udp_connection.dir/src/qnode.cpp.o[0m
[1.764s] [ 66%] [32mBuilding CXX object CMakeFiles/udp_connection.dir/include/udp_connection/moc_qnode.cpp.o[0m
[1.765s] [ 77%] [32mBuilding CXX object CMakeFiles/udp_connection.dir/src/main_window.cpp.o[0m
[1.766s] [ 88%] [32mBuilding CXX object CMakeFiles/udp_connection.dir/include/udp_connection/moc_main_window.cpp.o[0m
[4.019s] [100%] [32m[1mLinking CXX executable udp_connection[0m
[4.416s] [100%] Built target udp_connection
[4.426s] Invoked command in '/home/kinesis/Github/qudp-test/build/udp_connection' returned '0': CMAKE_PREFIX_PATH=/home/kinesis/Github/qudp-test/install/udp_connection:/home/kinesis/colcon_ws/install/vision_test:/home/kinesis/colcon_ws/install/usb_camera:/home/kinesis/colcon_ws/install/turtlebot3_status_manager:/home/kinesis/colcon_ws/install/turtlebot3_simulations:/home/kinesis/colcon_ws/install/turtlebot3_fake_node:/home/kinesis/colcon_ws/install/turtlebot3_msgs:/home/kinesis/colcon_ws/install/turtlebot3_gazebo:/home/kinesis/colcon_ws/install/serial_test:/opt/ros/humble:/home/kinesis/colcon_ws/install/yolo_segmentation:/home/kinesis/colcon_ws/install/yolo_detection:/home/kinesis/colcon_ws/install/video_to_ros2_topic:/home/kinesis/colcon_ws/install/image_to_ros2_topic:/home/kinesis/colcon_ws/install/serial:/home/kinesis/colcon_ws/install/ros2_day_4_parameter_practice:/home/kinesis/colcon_ws/install/pan_tilt_camera:/home/kinesis/colcon_ws/install/my_cpp_pkg_test:/home/kinesis/colcon_ws/install/my_cpp_pkg:/home/kinesis/colcon_ws/install/image_recognition_msgs:/home/kinesis/colcon_ws/install/dual_fisheye_camera /usr/bin/cmake --build /home/kinesis/Github/qudp-test/build/udp_connection -- -j32 -l32
[4.493s] Invoking command in '/home/kinesis/Github/qudp-test/build/udp_connection': CMAKE_PREFIX_PATH=/home/kinesis/Github/qudp-test/install/udp_connection:/home/kinesis/colcon_ws/install/vision_test:/home/kinesis/colcon_ws/install/usb_camera:/home/kinesis/colcon_ws/install/turtlebot3_status_manager:/home/kinesis/colcon_ws/install/turtlebot3_simulations:/home/kinesis/colcon_ws/install/turtlebot3_fake_node:/home/kinesis/colcon_ws/install/turtlebot3_msgs:/home/kinesis/colcon_ws/install/turtlebot3_gazebo:/home/kinesis/colcon_ws/install/serial_test:/opt/ros/humble:/home/kinesis/colcon_ws/install/yolo_segmentation:/home/kinesis/colcon_ws/install/yolo_detection:/home/kinesis/colcon_ws/install/video_to_ros2_topic:/home/kinesis/colcon_ws/install/image_to_ros2_topic:/home/kinesis/colcon_ws/install/serial:/home/kinesis/colcon_ws/install/ros2_day_4_parameter_practice:/home/kinesis/colcon_ws/install/pan_tilt_camera:/home/kinesis/colcon_ws/install/my_cpp_pkg_test:/home/kinesis/colcon_ws/install/my_cpp_pkg:/home/kinesis/colcon_ws/install/image_recognition_msgs:/home/kinesis/colcon_ws/install/dual_fisheye_camera /usr/bin/cmake --install /home/kinesis/Github/qudp-test/build/udp_connection
[4.503s] -- Install configuration: ""
[4.504s] -- Installing: /home/kinesis/Github/qudp-test/install/udp_connection/lib/udp_connection/udp_connection
[4.504s] -- Set runtime path of "/home/kinesis/Github/qudp-test/install/udp_connection/lib/udp_connection/udp_connection" to ""
[4.504s] -- Installing: /home/kinesis/Github/qudp-test/install/udp_connection/share/ament_index/resource_index/package_run_dependencies/udp_connection
[4.504s] -- Installing: /home/kinesis/Github/qudp-test/install/udp_connection/share/ament_index/resource_index/parent_prefix_path/udp_connection
[4.505s] -- Installing: /home/kinesis/Github/qudp-test/install/udp_connection/share/udp_connection/environment/ament_prefix_path.sh
[4.505s] -- Installing: /home/kinesis/Github/qudp-test/install/udp_connection/share/udp_connection/environment/ament_prefix_path.dsv
[4.505s] -- Installing: /home/kinesis/Github/qudp-test/install/udp_connection/share/udp_connection/environment/path.sh
[4.505s] -- Installing: /home/kinesis/Github/qudp-test/install/udp_connection/share/udp_connection/environment/path.dsv
[4.505s] -- Installing: /home/kinesis/Github/qudp-test/install/udp_connection/share/udp_connection/local_setup.bash
[4.505s] -- Installing: /home/kinesis/Github/qudp-test/install/udp_connection/share/udp_connection/local_setup.sh
[4.505s] -- Installing: /home/kinesis/Github/qudp-test/install/udp_connection/share/udp_connection/local_setup.zsh
[4.505s] -- Installing: /home/kinesis/Github/qudp-test/install/udp_connection/share/udp_connection/local_setup.dsv
[4.505s] -- Installing: /home/kinesis/Github/qudp-test/install/udp_connection/share/udp_connection/package.dsv
[4.505s] -- Installing: /home/kinesis/Github/qudp-test/install/udp_connection/share/ament_index/resource_index/packages/udp_connection
[4.505s] -- Installing: /home/kinesis/Github/qudp-test/install/udp_connection/share/udp_connection/cmake/udp_connectionConfig.cmake
[4.506s] -- Installing: /home/kinesis/Github/qudp-test/install/udp_connection/share/udp_connection/cmake/udp_connectionConfig-version.cmake
[4.506s] -- Installing: /home/kinesis/Github/qudp-test/install/udp_connection/share/udp_connection/package.xml
[4.508s] Invoked command in '/home/kinesis/Github/qudp-test/build/udp_connection' returned '0': CMAKE_PREFIX_PATH=/home/kinesis/Github/qudp-test/install/udp_connection:/home/kinesis/colcon_ws/install/vision_test:/home/kinesis/colcon_ws/install/usb_camera:/home/kinesis/colcon_ws/install/turtlebot3_status_manager:/home/kinesis/colcon_ws/install/turtlebot3_simulations:/home/kinesis/colcon_ws/install/turtlebot3_fake_node:/home/kinesis/colcon_ws/install/turtlebot3_msgs:/home/kinesis/colcon_ws/install/turtlebot3_gazebo:/home/kinesis/colcon_ws/install/serial_test:/opt/ros/humble:/home/kinesis/colcon_ws/install/yolo_segmentation:/home/kinesis/colcon_ws/install/yolo_detection:/home/kinesis/colcon_ws/install/video_to_ros2_topic:/home/kinesis/colcon_ws/install/image_to_ros2_topic:/home/kinesis/colcon_ws/install/serial:/home/kinesis/colcon_ws/install/ros2_day_4_parameter_practice:/home/kinesis/colcon_ws/install/pan_tilt_camera:/home/kinesis/colcon_ws/install/my_cpp_pkg_test:/home/kinesis/colcon_ws/install/my_cpp_pkg:/home/kinesis/colcon_ws/install/image_recognition_msgs:/home/kinesis/colcon_ws/install/dual_fisheye_camera /usr/bin/cmake --install /home/kinesis/Github/qudp-test/build/udp_connection
